# Logfile created on 2014-05-09 19:29:59 -0400 by logger.rb/36483
2014-05-09T23:30:01Z 4302 TID-ovuyuudmg INFO: [Sidetiq] Sidetiq v0.5.0 - Copyright (c) 2012-2013, Tobias Svensson <tob@tobiassvensson.co.uk>
2014-05-09T23:30:01Z 4302 TID-ovuyuudmg INFO: [Sidetiq] Sidetiq is covered by the 3-clause BSD license.
2014-05-09T23:30:01Z 4302 TID-ovuyuudmg INFO: [Sidetiq] See LICENSE and http://opensource.org/licenses/BSD-3-Clause for licensing details.
2014-05-09T23:30:01Z 4302 TID-ovuyuudmg INFO: [Sidetiq] Sidetiq::Supervisor start
2014-05-09T23:30:01Z 4302 TID-ovuzjhoxw INFO: [Sidetiq] Sidetiq::Actor::Clock id: 70203379391500 initialize
2014-05-09T23:30:01Z 4302 TID-ovuzbd3sk INFO: [Sidetiq] Sidetiq::Actor::Handler id: 70203364807440 initialize
2014-05-09T23:30:01Z 4302 TID-ovuzh5yz4 INFO: [Sidetiq] Sidetiq::Actor::Handler id: 70203366625380 initialize
2014-05-09T23:30:01Z 4302 TID-ovuzhpwv0 INFO: [Sidetiq] Sidetiq::Actor::Handler id: 70203376255380 initialize
2014-05-09T23:30:01Z 4302 TID-ovuzhzl1g INFO: [Sidetiq] Sidetiq::Actor::Handler id: 70203376782180 initialize
2014-05-09T23:30:01Z 4302 TID-ovuzjhoxw WARN: [Sidetiq] Can't link Sidetiq::Actor::Clock. Sidekiq::Manager not running. Retrying in 5 seconds ...
2014-05-09T23:30:01Z 4302 TID-ovuzbd3sk WARN: [Sidetiq] Can't link Sidetiq::Actor::Handler. Sidekiq::Manager not running. Retrying in 5 seconds ...
2014-05-09T23:30:01Z 4302 TID-ovuzhpwv0 WARN: [Sidetiq] Can't link Sidetiq::Actor::Handler. Sidekiq::Manager not running. Retrying in 5 seconds ...
2014-05-09T23:30:01Z 4302 TID-ovuzh5yz4 WARN: [Sidetiq] Can't link Sidetiq::Actor::Handler. Sidekiq::Manager not running. Retrying in 5 seconds ...
2014-05-09T23:30:01Z 4302 TID-ovuzhzl1g WARN: [Sidetiq] Can't link Sidetiq::Actor::Handler. Sidekiq::Manager not running. Retrying in 5 seconds ...
2014-05-09T23:30:03Z 4302 TID-ovuyuudmg INFO: Booting Sidekiq 2.17.1 with redis options {}
2014-05-09T23:30:03Z 4302 TID-ovuyuudmg INFO: Running in ruby 2.0.0p0 (2013-02-24 revision 39474) [x86_64-darwin13.1.0]
2014-05-09T23:30:03Z 4302 TID-ovuyuudmg INFO: See LICENSE and the LGPL-3.0 for licensing details.
2014-05-09T23:30:03Z 4302 TID-ovuyuudmg INFO: Starting processing, hit Ctrl-C to stop
2014-05-09T23:31:04Z 4302 TID-ovuyuudmg INFO: Shutting down
2014-05-09T23:31:04Z 4302 TID-ovuzsnzp4 INFO: Shutting down 25 quiet workers
2014-05-09T23:31:04Z 4302 TID-ovuzjhoxw INFO: [Sidetiq] Sidetiq::Actor::Clock id: 70203379391500 shutting down ...
2014-05-09T23:31:04Z 4302 TID-ovuzbd3sk INFO: [Sidetiq] Sidetiq::Actor::Handler id: 70203364807440 shutting down ...
2014-05-09T23:31:04Z 4302 TID-ovuzhpwv0 INFO: [Sidetiq] Sidetiq::Actor::Handler id: 70203376255380 shutting down ...
2014-05-09T23:31:04Z 4302 TID-ovuzh5yz4 INFO: [Sidetiq] Sidetiq::Actor::Handler id: 70203366625380 shutting down ...
2014-05-09T23:31:04Z 4302 TID-ovuzhzl1g INFO: [Sidetiq] Sidetiq::Actor::Handler id: 70203376782180 shutting down ...
